[0m[[0m[0mdebug[0m] [0m[0m> Exec(runMain scalashop.ScalaShop, None, None)[0m
[0m[[0m[0mdebug[0m] [0m[0mEvaluating tasks: Compile / runMain[0m
[0m[[0m[0mdebug[0m] [0m[0mRunning task... Cancel: Signal, check cycles: false, forcegc: true[0m
[0m[[0m[0minfo[0m] [0m[0mcompiling 6 Scala sources to /Users/juanfco/Documents/latex/FundProFunConc/Ejemplos Curso/Taller 5 - Problema Fuertemente Paralelo/target/scala-2.13/classes ...[0m
[0m[[0m[33mwarn[0m] [0m[0m/Users/juanfco/Documents/latex/FundProFunConc/Ejemplos Curso/Taller 5 - Problema Fuertemente Paralelo/src/main/scala/scalashop/PhotoCanvas.scala:59:67: procedure syntax is deprecated: instead, add `: Unit =` to explicitly declare `applyFilter`'s return type[0m
[0m[[0m[33mwarn[0m] [0m[0m  def applyFilter(filterName: String, numTasks: Int, radius: Int) {[0m
[0m[[0m[33mwarn[0m] [0m[0m                                                                  ^[0m
[0m[[0m[31merror[0m] [0m[0m/Users/juanfco/Documents/latex/FundProFunConc/Ejemplos Curso/Taller 5 - Problema Fuertemente Paralelo/src/main/scala/scalashop/ScalaShop.scala:12:37: value EXIT_ON_CLOSE is not a member of object javax.swing.JFrame[0m
[0m[[0m[31merror[0m] [0m[0mdid you mean javax.swing.WindowConstants.EXIT_ON_CLOSE? Static Java members belong to companion objects in Scala;[0m
[0m[[0m[31merror[0m] [0m[0mthey are not inherited, even by subclasses defined in Java.[0m
[0m[[0m[31merror[0m] [0m[0m    setDefaultCloseOperation(JFrame.EXIT_ON_CLOSE)[0m
[0m[[0m[31merror[0m] [0m[0m                                    ^[0m
[0m[[0m[31merror[0m] [0m[0m/Users/juanfco/Documents/latex/FundProFunConc/Ejemplos Curso/Taller 5 - Problema Fuertemente Paralelo/src/main/scala/scalashop/ScalaShop.scala:52:30: type mismatch;[0m
[0m[[0m[31merror[0m] [0m[0m found   : org.scalameter.Quantity[Double][0m
[0m[[0m[31merror[0m] [0m[0m required: Double[0m
[0m[[0m[31merror[0m] [0m[0m        updateInformationBox(time)[0m
[0m[[0m[31merror[0m] [0m[0m                             ^[0m
[0m[[0m[33mwarn[0m] [0m[0m/Users/juanfco/Documents/latex/FundProFunConc/Ejemplos Curso/Taller 5 - Problema Fuertemente Paralelo/src/main/scala/scalashop/ScalaShop.scala:48:43: procedure syntax is deprecated: instead, add `: Unit =` to explicitly declare `actionPerformed`'s return type[0m
[0m[[0m[33mwarn[0m] [0m[0m      def actionPerformed(e: ActionEvent) {[0m
[0m[[0m[33mwarn[0m] [0m[0m                                          ^[0m
[0m[[0m[33mwarn[0m] [0m[0m/Users/juanfco/Documents/latex/FundProFunConc/Ejemplos Curso/Taller 5 - Problema Fuertemente Paralelo/src/main/scala/scalashop/ScalaShop.scala:59:43: procedure syntax is deprecated: instead, add `: Unit =` to explicitly declare `actionPerformed`'s return type[0m
[0m[[0m[33mwarn[0m] [0m[0m      def actionPerformed(e: ActionEvent) {[0m
[0m[[0m[33mwarn[0m] [0m[0m                                          ^[0m
[0m[[0m[33mwarn[0m] [0m[0m/Users/juanfco/Documents/latex/FundProFunConc/Ejemplos Curso/Taller 5 - Problema Fuertemente Paralelo/src/main/scala/scalashop/ScalaShop.scala:74:43: procedure syntax is deprecated: instead, add `: Unit =` to explicitly declare `actionPerformed`'s return type[0m
[0m[[0m[33mwarn[0m] [0m[0m      def actionPerformed(e: ActionEvent) {[0m
[0m[[0m[33mwarn[0m] [0m[0m                                          ^[0m
[0m[[0m[33mwarn[0m] [0m[0m/Users/juanfco/Documents/latex/FundProFunConc/Ejemplos Curso/Taller 5 - Problema Fuertemente Paralelo/src/main/scala/scalashop/ScalaShop.scala:84:43: procedure syntax is deprecated: instead, add `: Unit =` to explicitly declare `actionPerformed`'s return type[0m
[0m[[0m[33mwarn[0m] [0m[0m      def actionPerformed(e: ActionEvent) {[0m
[0m[[0m[33mwarn[0m] [0m[0m                                          ^[0m
[0m[[0m[33mwarn[0m] [0m[0m/Users/juanfco/Documents/latex/FundProFunConc/Ejemplos Curso/Taller 5 - Problema Fuertemente Paralelo/src/main/scala/scalashop/ScalaShop.scala:95:43: procedure syntax is deprecated: instead, add `: Unit =` to explicitly declare `actionPerformed`'s return type[0m
[0m[[0m[33mwarn[0m] [0m[0m      def actionPerformed(e: ActionEvent) {[0m
[0m[[0m[33mwarn[0m] [0m[0m                                          ^[0m
[0m[[0m[33mwarn[0m] [0m[0m/Users/juanfco/Documents/latex/FundProFunConc/Ejemplos Curso/Taller 5 - Problema Fuertemente Paralelo/src/main/scala/scalashop/ScalaShop.scala:112:44: procedure syntax is deprecated: instead, add `: Unit =` to explicitly declare `updateInformationBox`'s return type[0m
[0m[[0m[33mwarn[0m] [0m[0m    def updateInformationBox(time: Double) {[0m
[0m[[0m[33mwarn[0m] [0m[0m                                           ^[0m
[0m[[0m[33mwarn[0m] [0m[0m/Users/juanfco/Documents/latex/FundProFunConc/Ejemplos Curso/Taller 5 - Problema Fuertemente Paralelo/src/main/scala/scalashop/ScalaShop.scala:134:33: procedure syntax is deprecated: instead, add `: Unit =` to explicitly declare `main`'s return type[0m
[0m[[0m[33mwarn[0m] [0m[0m  def main(args: Array[String]) {[0m
[0m[[0m[33mwarn[0m] [0m[0m                                ^[0m
[0m[[0m[33mwarn[0m] [0m[0m8 warnings found[0m
[0m[[0m[31merror[0m] [0m[0mtwo errors found[0m
[0m[[0m[31merror[0m] [0m[0m(Compile / [31mcompileIncremental[0m) Compilation failed[0m
[0m[[0m[31merror[0m] [0m[0mTotal time: 1 s, completed 25/05/2022, 3:43:29 p. m.[0m
[0m[[0m[0mdebug[0m] [0m[0m> Exec(idea-shell, None, None)[0m
